[09:20:10 INFO data_process_service] 🚀 Starting Data Processing Services
[09:20:10 INFO data_process_service] ==================================================
[09:20:10 INFO data_process_service] 📋 Effective service config: {'start_workers': True, 'start_flower': True, 'start_ray': True, 'disable_ray_dashboard': False, 'redis_port': 6379, 'flower_port': 5555, 'ray_dashboard_port': 8265}
[09:20:10 INFO data_process_service] Starting Redis...
[09:20:10 INFO data_process_service] ✅ Redis connection successful: redis://redis:6379/0
[09:20:10 INFO data_process_service] Starting Ray Cluster...
[09:20:10 INFO data_process_service] 🔮 Starting Ray cluster...
[09:20:10 INFO data_process.ray_config] Cannot connect to Ray cluster: Could not find any running Ray instance. Please specify the one to connect to by setting `--address` flag or `RAY_ADDRESS` environment variable.
[09:20:10 INFO data_process.ray_config] Starting local cluster...
2025-11-07 09:20:12,368	INFO services.py:2180 -- object_store_memory is not verified when plasma_directory is set.
2025-11-07 09:20:12,507	INFO worker.py:2003 -- Started a local Ray instance. View the dashboard at [1m[32m172.18.0.2:8265 [39m[22m
/opt/backend/.venv/lib/python3.10/site-packages/ray/_private/worker.py:2051: FutureWarning: Tip: In future versions of Ray, Ray will no longer override accelerator visible devices env var if num_gpus=0 or num_gpus=None (default). To enable this behavior and turn off this error message, set RAY_ACCEL_ENV_VAR_OVERRIDE_ON_ZERO=0
  warnings.warn(
[09:20:13 INFO data_process.ray_config] ✅ Ray initialization successful
[09:20:13 INFO data_process_service] ✅ Ray cluster initialized successfully!
[09:20:13 INFO data_process_service] ✅ Ray dashboard available at: http://0.0.0.0:8265
[09:20:13 INFO data_process_service] ✅ Ray cluster resources: {'CPU': 4.0, 'node:__internal_head__': 1.0, 'node:172.18.0.2': 1.0, 'object_store_memory': 2147483648.0, 'memory': 4781875200.0}
[09:20:13 INFO data_process_service] ✅ RAY_ADDRESS environment variable set to 172.18.0.2:61329
[09:20:13 INFO data_process_service] Starting Celery Workers...
[09:20:13 INFO data_process_service] Starting workers in development environment
[09:20:13 INFO data_process_service] Starting process-worker worker for queue: process_q with concurrency: 2
[09:20:13 INFO data_process_service] Worker CWD: /opt/backend
[09:20:13 INFO data_process_service] Worker PYTHONPATH: /opt:/opt/backend
[09:20:13 INFO data_process_service] Started process-worker worker with PID: 15088
[09:20:13 INFO data_process_service] Starting forward-worker worker for queue: forward_q with concurrency: 8
[09:20:13 INFO data_process_service] Worker CWD: /opt/backend
[09:20:13 INFO data_process_service] Worker PYTHONPATH: /opt:/opt/backend
[09:20:13 INFO data_process_service] Started forward-worker worker with PID: 15090
[09:20:13 INFO data_process_service] ✅ All Celery workers started successfully
[09:20:13 INFO data_process_service] Waiting for workers to register...
[09:20:14 INFO data_process_service] [process-worker] Start Celery worker 'process-worker' with queues: process_q
[09:20:14 INFO data_process_service] [process-worker] Worker concurrency: 2
[09:20:14 INFO data_process_service] [process-worker] ⚙️ Starting worker 'process-worker'...
[09:20:14 INFO data_process_service] [forward-worker] Start Celery worker 'forward-worker' with queues: forward_q
[09:20:14 INFO data_process_service] [forward-worker] Worker concurrency: 8
[09:20:14 INFO data_process_service] [forward-worker] ⚙️ Starting worker 'forward-worker'...
[09:20:15 INFO data_process_service] [process-worker] /opt/backend/.venv/lib/python3.10/site-packages/celery/platforms.py:841: SecurityWarning: You're running the worker with superuser privileges: this is
[09:20:15 INFO data_process_service] [process-worker] absolutely not recommended!
[09:20:15 INFO data_process_service] [process-worker] Please specify a different user using the --uid option.
[09:20:15 INFO data_process_service] [process-worker] User information: uid=0 euid=0 gid=0 egid=0
[09:20:15 INFO data_process_service] [process-worker] warnings.warn(SecurityWarning(ROOT_DISCOURAGED.format(
[09:20:15 INFO data_process_service] [process-worker] ============================================================
[09:20:15 INFO data_process_service] [process-worker] 🚀 Celery Worker initialization started
[09:20:15 INFO data_process_service] [process-worker] Process ID: 15088
[09:20:15 INFO data_process_service] [process-worker] ============================================================
[09:20:15 INFO data_process_service] [process-worker] 🔮 Ray connecting to existing cluster...
[09:20:15 INFO data_process_service] [process-worker] Initialize Ray connection for Celery Worker...
[09:20:15 INFO data_process_service] [process-worker] 2025-11-07 09:20:15,128	INFO worker.py:1832 -- Connecting to existing Ray cluster at address: 172.18.0.2:61329...
[09:20:15 INFO data_process_service] [forward-worker] /opt/backend/.venv/lib/python3.10/site-packages/celery/platforms.py:841: SecurityWarning: You're running the worker with superuser privileges: this is
[09:20:15 INFO data_process_service] [forward-worker] absolutely not recommended!
[09:20:15 INFO data_process_service] [forward-worker] Please specify a different user using the --uid option.
[09:20:15 INFO data_process_service] [forward-worker] User information: uid=0 euid=0 gid=0 egid=0
[09:20:15 INFO data_process_service] [forward-worker] warnings.warn(SecurityWarning(ROOT_DISCOURAGED.format(
[09:20:15 INFO data_process_service] [forward-worker] ============================================================
[09:20:15 INFO data_process_service] [forward-worker] 🚀 Celery Worker initialization started
[09:20:15 INFO data_process_service] [forward-worker] Process ID: 15090
[09:20:15 INFO data_process_service] [forward-worker] ============================================================
[09:20:15 INFO data_process_service] [forward-worker] 🔮 Ray connecting to existing cluster...
[09:20:15 INFO data_process_service] [forward-worker] Initialize Ray connection for Celery Worker...
[09:20:15 INFO data_process_service] [forward-worker] 2025-11-07 09:20:15,138	INFO worker.py:1832 -- Connecting to existing Ray cluster at address: 172.18.0.2:61329...
[09:20:15 INFO data_process_service] [process-worker] 2025-11-07 09:20:15,142	INFO worker.py:2003 -- Connected to Ray cluster. View the dashboard at [1m[32m172.18.0.2:8265 [39m[22m
[09:20:15 INFO data_process_service] [forward-worker] 2025-11-07 09:20:15,151	INFO worker.py:2003 -- Connected to Ray cluster. View the dashboard at [1m[32m172.18.0.2:8265 [39m[22m
[09:20:15 INFO data_process_service] [process-worker] /opt/backend/.venv/lib/python3.10/site-packages/ray/_private/worker.py:2051: FutureWarning: Tip: In future versions of Ray, Ray will no longer override accelerator visible devices env var if num_gpus=0 or num_gpus=None (default). To enable this behavior and turn off this error message, set RAY_ACCEL_ENV_VAR_OVERRIDE_ON_ZERO=0
[09:20:15 INFO data_process_service] [process-worker] warnings.warn(
[09:20:15 INFO data_process_service] [process-worker] ✅ Successfully connected to Ray cluster
[09:20:15 INFO data_process_service] [process-worker] ✅ Ray connected to cluster at 172.18.0.2:61329 successfully.
[09:20:15 INFO data_process_service] [process-worker] 🔍 Check sensitive variables
[09:20:15 INFO data_process_service] [forward-worker] /opt/backend/.venv/lib/python3.10/site-packages/ray/_private/worker.py:2051: FutureWarning: Tip: In future versions of Ray, Ray will no longer override accelerator visible devices env var if num_gpus=0 or num_gpus=None (default). To enable this behavior and turn off this error message, set RAY_ACCEL_ENV_VAR_OVERRIDE_ON_ZERO=0
[09:20:15 INFO data_process_service] [forward-worker] warnings.warn(
[09:20:15 INFO data_process_service] [forward-worker] ✅ Successfully connected to Ray cluster
[09:20:15 INFO data_process_service] [forward-worker] ✅ Ray connected to cluster at 172.18.0.2:61329 successfully.
[09:20:15 INFO data_process_service] [forward-worker] 🔍 Check sensitive variables
[09:20:15 INFO data_process_service] [process-worker] -------------- process-worker@dd68681e2dad v5.5.3 (immunity)
[09:20:15 INFO data_process_service] [process-worker] --- ***** -----
[09:20:15 INFO data_process_service] [process-worker] -- ******* ---- Linux-6.6.87.2-microsoft-standard-WSL2-x86_64-with-glibc2.41 2025-11-07 09:20:15
[09:20:15 INFO data_process_service] [process-worker] - *** --- * ---
[09:20:15 INFO data_process_service] [process-worker] - ** ---------- [config]
[09:20:15 INFO data_process_service] [process-worker] - ** ---------- .> app:         nexent:0x7243e3892740
[09:20:15 INFO data_process_service] [process-worker] - ** ---------- .> transport:   redis://redis:6379/0
[09:20:15 INFO data_process_service] [process-worker] - ** ---------- .> results:     redis://redis:6379/1
[09:20:15 INFO data_process_service] [process-worker] - *** --- * --- .> concurrency: 2 (thread)
[09:20:15 INFO data_process_service] [process-worker] -- ******* ---- .> task events: ON
[09:20:15 INFO data_process_service] [process-worker] --- ***** -----
[09:20:15 INFO data_process_service] [process-worker] -------------- [queues]
[09:20:15 INFO data_process_service] [process-worker] .> process_q        exchange=process_q(direct) key=process_q
[09:20:15 INFO data_process_service] [process-worker] [tasks]
[09:20:15 INFO data_process_service] [process-worker] . data_process.tasks.forward
[09:20:15 INFO data_process_service] [process-worker] . data_process.tasks.process
[09:20:15 INFO data_process_service] [process-worker] . data_process.tasks.process_and_forward
[09:20:15 INFO data_process_service] [process-worker] . data_process.tasks.process_sync
[09:20:15 INFO data_process_service] [process-worker] Connected to redis://redis:6379/0
[09:20:15 INFO data_process_service] [forward-worker] -------------- forward-worker@dd68681e2dad v5.5.3 (immunity)
[09:20:15 INFO data_process_service] [forward-worker] --- ***** -----
[09:20:15 INFO data_process_service] [forward-worker] -- ******* ---- Linux-6.6.87.2-microsoft-standard-WSL2-x86_64-with-glibc2.41 2025-11-07 09:20:15
[09:20:15 INFO data_process_service] [forward-worker] - *** --- * ---
[09:20:15 INFO data_process_service] [forward-worker] - ** ---------- [config]
[09:20:15 INFO data_process_service] [forward-worker] - ** ---------- .> app:         nexent:0x76e7de6f4f70
[09:20:15 INFO data_process_service] [forward-worker] - ** ---------- .> transport:   redis://redis:6379/0
[09:20:15 INFO data_process_service] [forward-worker] - ** ---------- .> results:     redis://redis:6379/1
[09:20:15 INFO data_process_service] [forward-worker] - *** --- * --- .> concurrency: 8 (thread)
[09:20:15 INFO data_process_service] [forward-worker] -- ******* ---- .> task events: ON
[09:20:15 INFO data_process_service] [forward-worker] --- ***** -----
[09:20:15 INFO data_process_service] [process-worker] mingle: searching for neighbors
[09:20:15 INFO data_process_service] [forward-worker] -------------- [queues]
[09:20:15 INFO data_process_service] [forward-worker] .> forward_q        exchange=forward_q(direct) key=forward_q
[09:20:15 INFO data_process_service] [forward-worker] [tasks]
[09:20:15 INFO data_process_service] [forward-worker] . data_process.tasks.forward
[09:20:15 INFO data_process_service] [forward-worker] . data_process.tasks.process
[09:20:15 INFO data_process_service] [forward-worker] . data_process.tasks.process_and_forward
[09:20:15 INFO data_process_service] [forward-worker] . data_process.tasks.process_sync
[09:20:15 INFO data_process_service] [forward-worker] Connected to redis://redis:6379/0
[09:20:15 INFO data_process_service] [forward-worker] mingle: searching for neighbors
[09:20:16 INFO data_process_service] [forward-worker] mingle: all alone
[09:20:16 INFO data_process_service] [process-worker] mingle: all alone
[09:20:16 INFO data_process_service] [process-worker] ✅ Celery Worker is fully ready!
[09:20:16 INFO data_process_service] [process-worker] process-worker@dd68681e2dad ready.
[09:20:16 INFO data_process_service] [forward-worker] ✅ Celery Worker is fully ready!
[09:20:16 INFO data_process_service] [forward-worker] forward-worker@dd68681e2dad ready.
[09:20:18 INFO data_process_service] Starting Flower Monitoring...
[09:20:18 INFO data_process_service] ✅ Flower monitoring started with PID: 15346
[09:20:19 INFO data_process_service] [Flower] Visit me at http://0.0.0.0:5555
[09:20:19 INFO data_process_service] [Flower] Broker: redis://redis:6379/0
[09:20:19 INFO data_process_service] [Flower] Registered tasks:
[09:20:19 INFO data_process_service] [Flower] ['celery.accumulate',
[09:20:19 INFO data_process_service] [Flower] 'celery.backend_cleanup',
[09:20:19 INFO data_process_service] [Flower] 'celery.chain',
[09:20:19 INFO data_process_service] [Flower] 'celery.chord',
[09:20:19 INFO data_process_service] [Flower] 'celery.chord_unlock',
[09:20:19 INFO data_process_service] [Flower] 'celery.chunks',
[09:20:19 INFO data_process_service] [Flower] 'celery.group',
[09:20:19 INFO data_process_service] [Flower] 'celery.map',
[09:20:19 INFO data_process_service] [Flower] 'celery.starmap',
[09:20:19 INFO data_process_service] [Flower] 'data_process.tasks.forward',
[09:20:19 INFO data_process_service] [Flower] 'data_process.tasks.process',
[09:20:19 INFO data_process_service] [Flower] 'data_process.tasks.process_and_forward',
[09:20:19 INFO data_process_service] [Flower] 'data_process.tasks.process_sync']
[09:20:19 INFO data_process_service] [Flower] Connected to redis://redis:6379/0
[09:20:21 INFO data_process_service] ==================================================
[09:20:21 INFO data_process_service] ✅ Started 4/4 services successfully
[09:20:21 INFO data_process_service] 
📋 Service Information:
[09:20:21 INFO data_process_service] ------------------------------
[09:20:21 INFO data_process_service] 🔴 Redis: redis://redis:6379/0
[09:20:21 INFO data_process_service] 🔮 Ray Cluster: 172.18.0.2:61329
[09:20:21 INFO data_process_service] 🎯 Ray Dashboard: http://localhost:8265
[09:20:21 INFO data_process_service] 👷 Workers: 2 processes
[09:20:21 INFO data_process_service]    - process-worker: queue=process_q
[09:20:21 INFO data_process_service]    - forward-worker: queue=forward_q
[09:20:21 INFO data_process_service] 🌸 Flower: http://localhost:5555
[09:20:21 INFO data_process_service] ------------------------------
[09:20:26 INFO data_process.service] Redis client initialized successfully.
[09:20:26 INFO data_process_service] 🌐 Starting API server on 0.0.0.0:5012
[09:20:26 INFO data_process_service] Starting data processing service...
[09:20:26 INFO data_process.service] Data processing service started
[09:21:09 INFO data_process.service] Data processing service stopped
[09:21:09 INFO data_process_service] Shutting down data processing service...
[09:21:09 INFO data_process_service] 🛑 Stopping all services...
[09:21:09 INFO data_process_service] Stopping Celery workers...
[09:21:09 INFO data_process_service] Terminating process-worker worker (PID: 15088)
[09:21:09 INFO data_process_service] [process-worker] worker: Warm shutdown (MainProcess)
[09:21:09 INFO data_process_service] [process-worker] 🛑 Celery Worker is shutting down...
[09:21:09 INFO data_process_service] [process-worker] 🛑 Completed tasks: 0
[09:21:09 INFO data_process_service] [process-worker] 🛑 Failed tasks: 0
